<?xml version="1.0" encoding="UTF-8"?>
<!-- Generated by org.testng.reporters.JUnitXMLReporter -->
<testsuite ignored="0" hostname="DESKTOP-C84JI4A" failures="5" tests="5" name="Nopcommerce user registration" time="163.288" errors="0" timestamp="2024-10-28T13:38:55 BDT">
  <testcase classname="tests.testcases.UserRegistrationTest" name="testToVerifyRegistration" time="30.521">
    <failure type="java.lang.NullPointerException">
      <![CDATA[java.lang.NullPointerException
at elements.element.GenericObject.isDisplayed(GenericObject.java:97)
at pages.HomePage.isHomePageLoaded(HomePage.java:52)
at tests.steps.UserRegistrationSteps.userGoesToNopCommerceHomePage(UserRegistrationSteps.java:23)
at tests.testcases.UserRegistrationTest.testToVerifyRegistration(UserRegistrationTest.java:19)
at java.base/java.util.ArrayList.forEach(ArrayList.java:1541)
... Removed 36 stack frames]]>
    </failure>
  </testcase> <!-- testToVerifyRegistration -->
  <testcase classname="tests.testcases.UserRegistrationTest" name="testToVerifyRegistration" time="30.28">
    <failure type="java.lang.NullPointerException">
      <![CDATA[java.lang.NullPointerException
at elements.element.GenericObject.isDisplayed(GenericObject.java:97)
at pages.HomePage.isHomePageLoaded(HomePage.java:52)
at tests.steps.UserRegistrationSteps.userGoesToNopCommerceHomePage(UserRegistrationSteps.java:23)
at tests.testcases.UserRegistrationTest.testToVerifyRegistration(UserRegistrationTest.java:19)
at java.base/java.util.ArrayList.forEach(ArrayList.java:1541)
... Removed 36 stack frames]]>
    </failure>
  </testcase> <!-- testToVerifyRegistration -->
  <testcase classname="tests.testcases.UserRegistrationTest" name="testToVerifyRegistration" time="30.31">
    <failure type="java.lang.NullPointerException">
      <![CDATA[java.lang.NullPointerException
at elements.element.GenericObject.isDisplayed(GenericObject.java:97)
at pages.HomePage.isHomePageLoaded(HomePage.java:52)
at tests.steps.UserRegistrationSteps.userGoesToNopCommerceHomePage(UserRegistrationSteps.java:23)
at tests.testcases.UserRegistrationTest.testToVerifyRegistration(UserRegistrationTest.java:19)
at java.base/java.util.ArrayList.forEach(ArrayList.java:1541)
... Removed 36 stack frames]]>
    </failure>
  </testcase> <!-- testToVerifyRegistration -->
  <testcase classname="tests.testcases.UserRegistrationTest" name="testToVerifyRegistration" time="30.264">
    <failure type="java.lang.NullPointerException">
      <![CDATA[java.lang.NullPointerException
at elements.element.GenericObject.isDisplayed(GenericObject.java:97)
at pages.HomePage.isHomePageLoaded(HomePage.java:52)
at tests.steps.UserRegistrationSteps.userGoesToNopCommerceHomePage(UserRegistrationSteps.java:23)
at tests.testcases.UserRegistrationTest.testToVerifyRegistration(UserRegistrationTest.java:19)
at java.base/java.util.ArrayList.forEach(ArrayList.java:1541)
... Removed 36 stack frames]]>
    </failure>
  </testcase> <!-- testToVerifyRegistration -->
  <testcase classname="tests.testcases.UserRegistrationTest" name="testToVerifyRegistration" time="30.285">
    <failure type="java.lang.NullPointerException">
      <![CDATA[java.lang.NullPointerException
at elements.element.GenericObject.isDisplayed(GenericObject.java:97)
at pages.HomePage.isHomePageLoaded(HomePage.java:52)
at tests.steps.UserRegistrationSteps.userGoesToNopCommerceHomePage(UserRegistrationSteps.java:23)
at tests.testcases.UserRegistrationTest.testToVerifyRegistration(UserRegistrationTest.java:19)
at java.base/java.util.ArrayList.forEach(ArrayList.java:1541)
... Removed 36 stack frames]]>
    </failure>
  </testcase> <!-- testToVerifyRegistration -->
</testsuite> <!-- Nopcommerce user registration -->
