<?xml version="1.0" encoding="UTF-8"?>
<!-- Generated by org.testng.reporters.JUnitXMLReporter -->
<testsuite ignored="0" hostname="DESKTOP-C84JI4A" failures="1" tests="1" name="Nopcommerce place order as guest" time="32.169" errors="0" timestamp="2024-10-28T13:39:27 BDT">
  <testcase classname="tests.testcases.PlaceOrderAsGuestTest" name="testToVerifyPlaceOrderAsGuest" time="30.309">
    <failure type="java.lang.AssertionError" message="User landed on NopCommerce homepage expected [true] but found [false]">
      <![CDATA[java.lang.AssertionError: User landed on NopCommerce homepage expected [true] but found [false]
at abstractComponents.FrameworkAssertionLibrary.stepAssertionShouldBeTrue(FrameworkAssertionLibrary.java:36)
at tests.steps.PlaceOrderAsGuestSteps.userGoToTheNopCommerceHomePage(PlaceOrderAsGuestSteps.java:30)
at tests.testcases.PlaceOrderAsGuestTest.testToVerifyPlaceOrderAsGuest(PlaceOrderAsGuestTest.java:20)
at java.base/java.util.ArrayList.forEach(ArrayList.java:1541)
... Removed 39 stack frames]]>
    </failure>
  </testcase> <!-- testToVerifyPlaceOrderAsGuest -->
</testsuite> <!-- Nopcommerce place order as guest -->
